<?xml version="1.0" encoding="UTF-8"?>
<testsuite name="com.gorest.crudtests.TagsTest" time="2.002" tests="2" errors="0" skipped="0" failures="1">
  <properties>
[...]
</properties>
  <testcase name="invalidMethod" classname="com.gorest.crudtests.TagsTest" time="1.05">
    <failure message="1 expectation failed.&#10;Expected status code &lt;500&gt; but was &lt;200&gt;.&#10;" type="java.lang.AssertionError"><![CDATA[java.lang.AssertionError: 1 expectation failed.
Expected status code <500> but was <200>.

	at sun.reflect.NativeConstructorAccessorImpl.newInstance0(Native Method)
	at sun.reflect.NativeConstructorAccessorImpl.newInstance(NativeConstructorAccessorImpl.java:62)
	at sun.reflect.DelegatingConstructorAccessorImpl.newInstance(DelegatingConstructorAccessorImpl.java:45)
	at java.lang.reflect.Constructor.newInstance(Constructor.java:423)
	at org.codehaus.groovy.reflection.CachedConstructor.invoke(CachedConstructor.java:83)
	at org.codehaus.groovy.reflection.CachedConstructor.doConstructorInvoke(CachedConstructor.java:77)
	at org.codehaus.groovy.runtime.callsite.ConstructorSite$ConstructorSiteNoUnwrap.callConstructor(ConstructorSite.java:84)
	at org.codehaus.groovy.runtime.callsite.CallSiteArray.defaultCallConstructor(CallSiteArray.java:60)
	at org.codehaus.groovy.runtime.callsite.AbstractCallSite.callConstructor(AbstractCallSite.java:235)
	at org.codehaus.groovy.runtime.callsite.AbstractCallSite.callConstructor(AbstractCallSite.java:247)
	at io.restassured.internal.ResponseSpecificationImpl$HamcrestAssertionClosure.validate(ResponseSpecificationImpl.groovy:471)
	at io.restassured.internal.ResponseSpecificationImpl$HamcrestAssertionClosure$validate$1.call(Unknown Source)
	at io.restassured.internal.ResponseSpecificationImpl.validateResponseIfRequired(ResponseSpecificationImpl.groovy:636)
	at sun.reflect.NativeMethodAccessorImpl.invoke0(Native Method)
	at sun.reflect.NativeMethodAccessorImpl.invoke(NativeMethodAccessorImpl.java:62)
	at sun.reflect.DelegatingMethodAccessorImpl.invoke(DelegatingMethodAccessorImpl.java:43)
	at java.lang.reflect.Method.invoke(Method.java:498)
	at org.codehaus.groovy.runtime.callsite.PogoMetaMethodSite$PogoCachedMethodSiteNoUnwrapNoCoerce.invoke(PogoMetaMethodSite.java:210)
	at org.codehaus.groovy.runtime.callsite.PogoMetaMethodSite.callCurrent(PogoMetaMethodSite.java:59)
	at org.codehaus.groovy.runtime.callsite.AbstractCallSite.callCurrent(AbstractCallSite.java:166)
	at io.restassured.internal.ResponseSpecificationImpl.statusCode(ResponseSpecificationImpl.groovy:122)
	at io.restassured.specification.ResponseSpecification$statusCode$0.callCurrent(Unknown Source)
	at io.restassured.internal.ResponseSpecificationImpl.statusCode(ResponseSpecificationImpl.groovy:130)
	at io.restassured.internal.ValidatableResponseOptionsImpl.statusCode(ValidatableResponseOptionsImpl.java:117)
	at com.gorest.crudtests.TagsTest.invalidMethod(TagsTest.java:24)
]]></failure>
    <system-err><![CDATA[30263 [main] INFO net.serenitybdd.core.Serenity - 
        __    _____ _____ ____ _____   ____   _    ____  ____  _____ ____  
  _     \ \  |_   _| ____/ ___|_   _| |  _ \ / \  / ___|/ ___|| ____|  _ \ 
 (_)_____| |   | | |  _| \___ \ | |   | |_) / _ \ \___ \\___ \|  _| | | | |
  _|_____| |   | | | |___ ___) || |   |  __/ ___ \ ___) |___) | |___| |_| |
 (_)     | |   |_| |_____|____/ |_|   |_| /_/   \_\____/|____/|_____|____/ 
        /_/                                                                

TEST PASSED: Delete the post
----------------------------------------------------------------------------
30353 [pool-1-thread-3] INFO net.thucydides.core.reports.json.JSONTestOutcomeReporter - Generating JSON report for Update the post title to file C:\Users\kaush\Dropbox\SoftwaretestingCourse\PrimeTestingSep22\PrimeTesting\WEEK-1906.012023\HomeWorkWk19\p4-wk19-gorest\target\site\serenity\072ff19beb8d52598e940854bca92338211dc8694119cf3e7c3555dfae867056.json (using temp file C:\Users\kaush\Dropbox\SoftwaretestingCourse\PrimeTestingSep22\PrimeTesting\WEEK-1906.012023\HomeWorkWk19\p4-wk19-gorest\target\site\serenity\072ff19beb8d52598e940854bca92338211dc8694119cf3e7c3555dfae867056.json7f56c78d-e550-4a58-8c99-ae52ad1c18d6)
30348 [pool-1-thread-1] INFO net.thucydides.core.reports.json.JSONTestOutcomeReporter - Generating JSON report for Create a new post for the user to file C:\Users\kaush\Dropbox\SoftwaretestingCourse\PrimeTestingSep22\PrimeTesting\WEEK-1906.012023\HomeWorkWk19\p4-wk19-gorest\target\site\serenity\7ae1f0795df127ccc2ceb70e957ee18b5127d12f4dfcc30769327fd5dcb82f7c.json (using temp file C:\Users\kaush\Dropbox\SoftwaretestingCourse\PrimeTestingSep22\PrimeTesting\WEEK-1906.012023\HomeWorkWk19\p4-wk19-gorest\target\site\serenity\7ae1f0795df127ccc2ceb70e957ee18b5127d12f4dfcc30769327fd5dcb82f7c.jsondd0cc5b9-6578-4d3c-859b-a9cea9c31623)
30348 [pool-1-thread-4] INFO net.thucydides.core.reports.json.JSONTestOutcomeReporter - Generating JSON report for Delete the post to file C:\Users\kaush\Dropbox\SoftwaretestingCourse\PrimeTestingSep22\PrimeTesting\WEEK-1906.012023\HomeWorkWk19\p4-wk19-gorest\target\site\serenity\48abe2e108e6e6b3b8b3a8a6b759a067f71cc0b2190c0f2feb88d55df59396b7.json (using temp file C:\Users\kaush\Dropbox\SoftwaretestingCourse\PrimeTestingSep22\PrimeTesting\WEEK-1906.012023\HomeWorkWk19\p4-wk19-gorest\target\site\serenity\48abe2e108e6e6b3b8b3a8a6b759a067f71cc0b2190c0f2feb88d55df59396b7.jsone4a28dd0-52e9-46d5-9a8d-2bcfa8142ee8)
30353 [pool-1-thread-2] INFO net.thucydides.core.reports.json.JSONTestOutcomeReporter - Generating JSON report for Verify that post was added for the user to file C:\Users\kaush\Dropbox\SoftwaretestingCourse\PrimeTestingSep22\PrimeTesting\WEEK-1906.012023\HomeWorkWk19\p4-wk19-gorest\target\site\serenity\018d119c5ccb22579091c53362ae87c54d774d2b8b1e88161378989183243624.json (using temp file C:\Users\kaush\Dropbox\SoftwaretestingCourse\PrimeTestingSep22\PrimeTesting\WEEK-1906.012023\HomeWorkWk19\p4-wk19-gorest\target\site\serenity\018d119c5ccb22579091c53362ae87c54d774d2b8b1e88161378989183243624.json0a55ee3d-d423-4169-8303-0ecb3476a589)
32110 [pool-2-thread-3] INFO net.thucydides.core.reports.html.HtmlAcceptanceTestReporter - GENERATING HTML REPORT FOR Posts CRUD test:test003 in 072ff19beb8d52598e940854bca92338211dc8694119cf3e7c3555dfae867056.html in directory target\site\serenity  
32111 [pool-2-thread-2] INFO net.thucydides.core.reports.html.HtmlAcceptanceTestReporter - GENERATING HTML REPORT FOR Posts CRUD test:test002 in 018d119c5ccb22579091c53362ae87c54d774d2b8b1e88161378989183243624.html in directory target\site\serenity  
32112 [pool-2-thread-1] INFO net.thucydides.core.reports.html.HtmlAcceptanceTestReporter - GENERATING HTML REPORT FOR Posts CRUD test:test001 in 7ae1f0795df127ccc2ceb70e957ee18b5127d12f4dfcc30769327fd5dcb82f7c.html in directory target\site\serenity  
32112 [pool-2-thread-4] INFO net.thucydides.core.reports.html.HtmlAcceptanceTestReporter - GENERATING HTML REPORT FOR Posts CRUD test:test004 in 48abe2e108e6e6b3b8b3a8a6b759a067f71cc0b2190c0f2feb88d55df59396b7.html in directory target\site\serenity  
36227 [main] INFO net.serenitybdd.core.Serenity - Test Suite Started: Tags test
36230 [main] INFO net.serenitybdd.core.Serenity - 
 _____ _____ ____ _____   ____ _____  _    ____ _____ _____ ____  
|_   _| ____/ ___|_   _| / ___|_   _|/ \  |  _ \_   _| ____|  _ \ 
  | | |  _| \___ \ | |   \___ \ | | / _ \ | |_) || | |  _| | | | |
  | | | |___ ___) || |    ___) || |/ ___ \|  _ < | | | |___| |_| |
  |_| |_____|____/ |_|   |____/ |_/_/   \_\_| \_\|_| |_____|____/ 
                                                                  

TEST STARTED: invalidMethod
-------------------------------------------------------------------
36231 [main] INFO net.serenitybdd.core.Serenity - TEST NUMBER: 5
]]></system-err>
  </testcase>
  <testcase name="verifyIfTheStatusCodeIs200" classname="com.gorest.crudtests.TagsTest" time="0.952"/>
</testsuite>