<?xml version="1.0" encoding="UTF-8"?>
<testsuite name="com.gorest.crudtests.UsersDataDrivenTest" time="5.904" tests="25" errors="0" skipped="0" failures="0">
  <properties>
[...]
</properties>
  <testcase name="createMultipleUsers[12]" classname="com.gorest.crudtests.UsersDataDrivenTest" time="0.858"/>
  <testcase name="createMultipleUsers[14]" classname="com.gorest.crudtests.UsersDataDrivenTest" time="0.033"/>
  <testcase name="createMultipleUsers[4]" classname="com.gorest.crudtests.UsersDataDrivenTest" time="0.081"/>
  <testcase name="createMultipleUsers[9]" classname="com.gorest.crudtests.UsersDataDrivenTest" time="0.104"/>
  <testcase name="createMultipleUsers[8]" classname="com.gorest.crudtests.UsersDataDrivenTest" time="0.004"/>
  <testcase name="createMultipleUsers[0]" classname="com.gorest.crudtests.UsersDataDrivenTest" time="0.088"/>
  <testcase name="createMultipleUsers[13]" classname="com.gorest.crudtests.UsersDataDrivenTest" time="0.023"/>
  <testcase name="createMultipleUsers[5]" classname="com.gorest.crudtests.UsersDataDrivenTest" time="0.157"/>
  <testcase name="createMultipleUsers[11]" classname="com.gorest.crudtests.UsersDataDrivenTest" time="0.119"/>
  <testcase name="createMultipleUsers[1]" classname="com.gorest.crudtests.UsersDataDrivenTest" time="0.021"/>
  <testcase name="createMultipleUsers[6]" classname="com.gorest.crudtests.UsersDataDrivenTest" time="0.025"/>
  <testcase name="createMultipleUsers[7]" classname="com.gorest.crudtests.UsersDataDrivenTest" time="0.027"/>
  <testcase name="createMultipleUsers[2]" classname="com.gorest.crudtests.UsersDataDrivenTest" time="0.028"/>
  <testcase name="createMultipleUsers[10]" classname="com.gorest.crudtests.UsersDataDrivenTest" time="0.029"/>
  <testcase name="createMultipleUsers[3]" classname="com.gorest.crudtests.UsersDataDrivenTest" time="0.033"/>
  <testcase name="createMultipleUsers[15]" classname="com.gorest.crudtests.UsersDataDrivenTest" time="0.034"/>
  <testcase name="createMultipleUsers[17]" classname="com.gorest.crudtests.UsersDataDrivenTest" time="0.035"/>
  <testcase name="createMultipleUsers[16]" classname="com.gorest.crudtests.UsersDataDrivenTest" time="0.204"/>
  <testcase name="createMultipleUsers[20]" classname="com.gorest.crudtests.UsersDataDrivenTest" time="0.215"/>
  <testcase name="createMultipleUsers[18]" classname="com.gorest.crudtests.UsersDataDrivenTest" time="0.351"/>
  <testcase name="createMultipleUsers[24]" classname="com.gorest.crudtests.UsersDataDrivenTest" time="0.421"/>
  <testcase name="createMultipleUsers[19]" classname="com.gorest.crudtests.UsersDataDrivenTest" time="0.649"/>
  <testcase name="createMultipleUsers[21]" classname="com.gorest.crudtests.UsersDataDrivenTest" time="0.698"/>
  <testcase name="createMultipleUsers[23]" classname="com.gorest.crudtests.UsersDataDrivenTest" time="0.826"/>
  <testcase name="createMultipleUsers[22]" classname="com.gorest.crudtests.UsersDataDrivenTest" time="0.841"/>
</testsuite>