<?xml version="1.0" encoding="UTF-8"?><testsuite errors="0" failures="0" name="com.gorest.crudtests.PostsCRUDTest" skipped="0" tests="4" time="23.77" timestamp="2023-01-10T23:07:01.713Z[Europe/London]"><testcase classname="com.gorest.crudtests.PostsCRUDTest" name="Create a new post for the user"/><testcase classname="com.gorest.crudtests.PostsCRUDTest" name="Verify that post was added for the user"/><testcase classname="com.gorest.crudtests.PostsCRUDTest" name="Update the post title"/><testcase classname="com.gorest.crudtests.PostsCRUDTest" name="Delete the post"/></testsuite>